<?xml version="1.0" encoding="UTF-8"?>
<testng-results skipped="0" failed="0" ignored="0" total="1" passed="1">
  <reporter-output>
  </reporter-output>
  <suite name="Default suite" duration-ms="31911" started-at="2018-11-06T06:23:19Z" finished-at="2018-11-06T06:23:51Z">
    <groups>
    </groups>
    <test name="Default test" duration-ms="31911" started-at="2018-11-06T06:23:19Z" finished-at="2018-11-06T06:23:51Z">
      <class name="Selenium.Demo1">
        <test-method status="PASS" signature="open()[pri:0, instance:Selenium.Demo1@39aeed2f]" name="open" duration-ms="31875" started-at="2018-11-06T06:23:19Z" finished-at="2018-11-06T06:23:51Z">
          <reporter-output>
          </reporter-output>
        </test-method> <!-- open -->
      </class> <!-- Selenium.Demo1 -->
    </test> <!-- Default test -->
  </suite> <!-- Default suite -->
</testng-results>
